2026-02-10 09:28:09 [ERROR]: GET /profile/orders - C:\Users\DELL\Desktop\CHRONORA\views\user\orders.ejs:56
    54| 
    55|                 <div class="item-actions">
 >> 56|                   <a href="/profile/orders/<%= order.orderId %>?productId=<%= item.productId._id %>&variantId=<%= item.variantId._id %>" 
    57|                      class="btn btn-view">
    58|                     View Details
    59|                   </a>

Cannot read properties of null (reading '_id')
2026-02-11 10:51:09 [ERROR]: Toggle block error userId is not defined
2026-02-11 10:51:37 [ERROR]: Toggle block error userId is not defined
2026-02-11 10:51:39 [ERROR]: Toggle block error userId is not defined
2026-02-11 10:51:41 [ERROR]: Toggle block error userId is not defined
2026-02-11 10:59:33 [ERROR]: Toggle block error Cast to ObjectId failed for value "{
  userId: {
    _id: new ObjectId('698ab07963140088b4f33573'),
    fullName: 'basil',
    email: 'basilrdxmix@gmail.com',
    password: '$2b$12$3c.h/rhvRnV9MFbe1gn1fu2KqLbdTAsElyvnkKRe5f0r3aG4B6FOy',
    profileImage: '',
    isBlocked: true,
    isVerified: true,
    referralCode: '8GPX2JWE',
    referredBy: null,
    wallet: 10000,
    walletTransactions: [ [Object] ],
    createdAt: 2026-02-10T04:13:45.060Z,
    updatedAt: 2026-02-11T05:25:04.563Z,
    __v: 1
  }
}" (type Object) at path "_id" for model "Order"
2026-02-11 10:59:35 [ERROR]: Toggle block error Cast to ObjectId failed for value "{
  userId: {
    _id: new ObjectId('69844fe9ad3bc1e41b33f150'),
    fullName: 'Hasan mk 12',
    email: 'h20913818@gmail.com',
    profileImage: '',
    googleId: '118422883487539978238',
    isBlocked: false,
    isVerified: true,
    referralCode: 'M3LMWSCB',
    referredBy: null,
    wallet: 0,
    walletTransactions: [],
    createdAt: 2026-02-05T08:08:09.557Z,
    updatedAt: 2026-02-05T08:08:09.557Z,
    __v: 0
  }
}" (type Object) at path "_id" for model "Order"
2026-02-11 11:00:36 [ERROR]: Toggle block error Cast to ObjectId failed for value "{
  user: {
    _id: new ObjectId('69844e4fad3bc1e41b33f0b7'),
    fullName: 'Fathimaliya',
    email: 'fathimaliya337@gmail.com',
    profileImage: '',
    googleId: '100567724307599826167',
    isBlocked: false,
    isVerified: true,
    referralCode: 'OL723AJS',
    referredBy: null,
    wallet: 0,
    walletTransactions: [],
    createdAt: 2026-02-05T08:01:19.986Z,
    updatedAt: 2026-02-05T08:01:19.986Z,
    __v: 0
  }
}" (type Object) at path "_id" for model "Order"
2026-02-11 11:03:33 [ERROR]: Toggle block error userOrder is not defined
2026-02-12 10:06:37 [ERROR]: GET /admin/dashboard - C:\Users\DELL\Desktop\CHRONORA\views\admin\dashboard.ejs:21
    19|   </header>
    20|  <div class="card-content">
 >> 21|         <h6><%=ordersByStatus %></h6>
    22|       </div>
    23| 
    24|   <div class="overview-grid">

ordersByStatus is not defined
2026-02-12 10:07:17 [ERROR]: GET /admin/dashboard - C:\Users\DELL\Desktop\CHRONORA\views\admin\dashboard.ejs:21
    19|   </header>
    20|  <div class="card-content">
 >> 21|         <h6><%=ordersByStatus %></h6>
    22|       </div>
    23| 
    24|   <div class="overview-grid">

ordersByStatus is not defined
2026-02-12 17:14:23 [ERROR]: GET /admin/;34re3jfrelrvg - C:\Users\DELL\Desktop\CHRONORA\views\layouts\adminLayouts\main.ejs:6
    4|   <meta charset="utf-8" />
    5|   <meta name="viewport" content="width=device-width,initial-scale=1" />
 >> 6|   <title><%= title || 'Chronora Admin' %></title>
    7| 
    8|   <!-- ===== CSS ===== -->
    9|   <link href="https://cdn.jsdelivr.net/npm/bootstrap@5.3.3/dist/css/bootstrap.min.css" rel="stylesheet">

title is not defined
2026-02-12 17:18:49 [ERROR]: GET /admin/;34re3jfrelrvg - Failed to lookup view "admin/404" in views directory "C:\Users\DELL\Desktop\CHRONORA\views"
2026-02-12 17:18:52 [ERROR]: GET /admin/;34re3jfrelrvg - Failed to lookup view "admin/404" in views directory "C:\Users\DELL\Desktop\CHRONORA\views"
2026-02-12 17:18:54 [ERROR]: GET /admin/;34re3jfrelrvg - Failed to lookup view "admin/404" in views directory "C:\Users\DELL\Desktop\CHRONORA\views"
2026-02-12 17:19:11 [ERROR]: GET /admin/;34re3jfrelrvg - C:\Users\DELL\Desktop\CHRONORA\views\layouts\adminLayouts\main.ejs:141
    139| 
    140|   <%- include('../../partials/admin/header') %>
 >> 141|   <%- include('../../partials/admin/sidebar') %>
    142| 
    143|   <main id="main" class="p-4">
    144|     <%- body %>

C:\Users\DELL\Desktop\CHRONORA\views\partials\admin\sidebar.ejs:11
    9| 
    10|   <nav class="sidebar-nav">
 >> 11|     <a href="/admin/dashboard" class="nav-link <%= page === 'dashboard' ? 'active' : '' %>">
    12|       <i class="fas fa-tachometer-alt"></i>
    13|       <span>Dashboard</span>
    14|     </a>

page is not defined
2026-02-12 17:19:12 [ERROR]: GET /admin/;34re3jfrelrvg - C:\Users\DELL\Desktop\CHRONORA\views\layouts\adminLayouts\main.ejs:141
    139| 
    140|   <%- include('../../partials/admin/header') %>
 >> 141|   <%- include('../../partials/admin/sidebar') %>
    142| 
    143|   <main id="main" class="p-4">
    144|     <%- body %>

C:\Users\DELL\Desktop\CHRONORA\views\partials\admin\sidebar.ejs:11
    9| 
    10|   <nav class="sidebar-nav">
 >> 11|     <a href="/admin/dashboard" class="nav-link <%= page === 'dashboard' ? 'active' : '' %>">
    12|       <i class="fas fa-tachometer-alt"></i>
    13|       <span>Dashboard</span>
    14|     </a>

page is not defined
2026-02-13 08:51:45 [ERROR]: Add to wishlist error Cannot read properties of undefined (reading '_id')
2026-02-13 08:51:47 [ERROR]: Add to wishlist error Cannot read properties of undefined (reading '_id')
2026-02-15 15:42:38 [ERROR]: GET /admin/products - C:\Users\DELL\Desktop\CHRONORA\views\layouts\adminLayouts\main.ejs:8
    6|   <meta name="viewport" content="width=device-width,initial-scale=1" />
    7|   <title>
 >> 8|     <%= title || 'Chronora Admin' %>
    9|   </title>
    10| 
    11|   <!-- ===== CSS ===== -->

title is not defined
2026-02-16 13:03:11 [ERROR]: GET /signup - req.flash is not a function
2026-02-16 13:04:25 [ERROR]: GET /signup - req.flash is not a function
2026-02-16 13:04:26 [ERROR]: GET /signup - req.flash is not a function
2026-02-16 14:07:22 [ERROR]: signup error: Cannot destructure property 'fullName' of 'req.body' as it is undefined.
2026-02-17 11:10:52 [ERROR]: editCategory error trimedName is not defined
2026-02-17 11:13:08 [ERROR]: updateCoupon error: Coupon validation failed: expiryDate: Expiry date must be after start date
2026-02-17 11:13:13 [ERROR]: updateCoupon error: Coupon validation failed: expiryDate: Expiry date must be after start date
2026-02-17 11:17:23 [ERROR]: updateCoupon error: Coupon validation failed: expiryDate: Expiry date must be after start date
2026-02-17 11:17:25 [ERROR]: updateCoupon error: Coupon validation failed: expiryDate: Expiry date must be after start date
2026-02-17 11:17:26 [ERROR]: updateCoupon error: Coupon validation failed: expiryDate: Expiry date must be after start date
2026-02-17 11:17:34 [ERROR]: updateCoupon error: Coupon validation failed: expiryDate: Expiry date must be after start date
2026-02-17 11:17:35 [ERROR]: updateCoupon error: Coupon validation failed: expiryDate: Expiry date must be after start date
2026-02-17 11:18:51 [ERROR]: createCoupon error: E11000 duplicate key error collection: chronora.coupons index: code_1 dup key: { code: "A8EYRZZ" }
2026-02-17 11:50:50 [ERROR]: updateProduct error
2026-02-17 14:05:57 [ERROR]: loadCart error for user 698ab07963140088b4f33573: userId is not defined
2026-02-17 14:06:00 [ERROR]: loadCart error for user 698ab07963140088b4f33573: userId is not defined
2026-02-17 14:06:04 [ERROR]: loadCart error for user 698ab07963140088b4f33573: userId is not defined
2026-02-17 14:06:22 [ERROR]: loadCart error for user 698ab07963140088b4f33573: userId is not defined
2026-02-17 14:06:56 [ERROR]: addToCart error for user 698ab07963140088b4f33573: Cannot access 'userId' before initialization
2026-02-17 15:37:22 [ERROR]: toggleListCategory error Cast to ObjectId failed for value "{
  category: { _id: new ObjectId('6928a44583f06ee8bd283480'), isListed: true }
}" (type Object) at path "_id" for model "Product"
2026-02-17 15:38:20 [ERROR]: toggleListCategory error Cast to ObjectId failed for value "{ category: new ObjectId('6928a42383f06ee8bd283479') }" (type Object) at path "_id" for model "Product"
2026-02-20 13:25:33 [ERROR]: toggleListCategory error Cannot read properties of undefined (reading 'toString')
2026-02-20 13:50:00 [ERROR]: toggleListCategory error Cannot read properties of undefined (reading 'toString')
2026-02-20 16:35:34 [ERROR]: toggleListCategory error Arguments must be aggregate pipeline operators
2026-02-20 16:43:35 [ERROR]: toggleListCategory error Arguments must be aggregate pipeline operators
2026-02-20 16:43:35 [ERROR]: toggleListCategory error Arguments must be aggregate pipeline operators
2026-02-20 16:43:35 [ERROR]: toggleListCategory error Arguments must be aggregate pipeline operators
2026-02-22 15:57:42 [ERROR]: GET /cart - Unexpected token ',' in C:\Users\DELL\Desktop\CHRONORA\views\user\cart.ejs while compiling ejs

If the above error is not helpful, you may want to try EJS-Lint:
https://github.com/RyanZim/EJS-Lint
Or, if you meant to create an async function, pass `async: true` as an option.
2026-02-22 15:59:46 [ERROR]: GET /cart - Unexpected token ',' in C:\Users\DELL\Desktop\CHRONORA\views\user\cart.ejs while compiling ejs

If the above error is not helpful, you may want to try EJS-Lint:
https://github.com/RyanZim/EJS-Lint
Or, if you meant to create an async function, pass `async: true` as an option.
2026-02-22 16:00:14 [ERROR]: GET /cart - Unexpected token ',' in C:\Users\DELL\Desktop\CHRONORA\views\user\cart.ejs while compiling ejs

If the above error is not helpful, you may want to try EJS-Lint:
https://github.com/RyanZim/EJS-Lint
Or, if you meant to create an async function, pass `async: true` as an option.
2026-02-22 16:19:58 [ERROR]: GET /cart - Unexpected token ')' in C:\Users\DELL\Desktop\CHRONORA\views\user\cart.ejs while compiling ejs

If the above error is not helpful, you may want to try EJS-Lint:
https://github.com/RyanZim/EJS-Lint
Or, if you meant to create an async function, pass `async: true` as an option.
2026-02-22 16:20:58 [ERROR]: GET /cart - Unexpected token ',' in C:\Users\DELL\Desktop\CHRONORA\views\user\cart.ejs while compiling ejs

If the above error is not helpful, you may want to try EJS-Lint:
https://github.com/RyanZim/EJS-Lint
Or, if you meant to create an async function, pass `async: true` as an option.
2026-02-22 16:59:09 [ERROR]: GET /profile/orders/ORD-20260222-A6FDA8?productId=693915f2deee193883ea65f4&variantId=693915f6deee193883ea65f6 - Invalid or unexpected token in C:\Users\DELL\Desktop\CHRONORA\views\user\orderDetail.ejs while compiling ejs

If the above error is not helpful, you may want to try EJS-Lint:
https://github.com/RyanZim/EJS-Lint
Or, if you meant to create an async function, pass `async: true` as an option.
2026-02-22 17:08:11 [ERROR]: GET /profile/orders/ORD-20260222-A6FDA8?productId=693915f2deee193883ea65f4&variantId=693915f6deee193883ea65f6 - Invalid or unexpected token in C:\Users\DELL\Desktop\CHRONORA\views\user\orderDetail.ejs while compiling ejs

If the above error is not helpful, you may want to try EJS-Lint:
https://github.com/RyanZim/EJS-Lint
Or, if you meant to create an async function, pass `async: true` as an option.
2026-02-22 17:18:49 [ERROR]: GET /profile/addresses - Failed to lookup view "user/profile-edit-address" in views directory "C:\Users\DELL\Desktop\CHRONORA\views"
2026-02-22 17:36:37 [ERROR]: GET /profile/orders/ORD-20260222-A6FDA8?productId=693915f2deee193883ea65f4&variantId=693915f6deee193883ea65f6 - Invalid or unexpected token in C:\Users\DELL\Desktop\CHRONORA\views\user\orderDetail.ejs while compiling ejs

If the above error is not helpful, you may want to try EJS-Lint:
https://github.com/RyanZim/EJS-Lint
Or, if you meant to create an async function, pass `async: true` as an option.
2026-02-22 17:38:35 [ERROR]: GET /profile/orders/ORD-20260222-A6FDA8?productId=693915f2deee193883ea65f4&variantId=693915f6deee193883ea65f6 - Invalid or unexpected token in C:\Users\DELL\Desktop\CHRONORA\views\user\orderDetail.ejs while compiling ejs

If the above error is not helpful, you may want to try EJS-Lint:
https://github.com/RyanZim/EJS-Lint
Or, if you meant to create an async function, pass `async: true` as an option.
2026-02-22 17:42:28 [ERROR]: GET /profile/orders/ORD-20260222-A6FDA8?productId=693915f2deee193883ea65f4&variantId=693915f6deee193883ea65f6 - Invalid or unexpected token in C:\Users\DELL\Desktop\CHRONORA\views\user\orderDetail.ejs while compiling ejs

If the above error is not helpful, you may want to try EJS-Lint:
https://github.com/RyanZim/EJS-Lint
Or, if you meant to create an async function, pass `async: true` as an option.
2026-02-23 02:02:41 [ERROR]: getOrdersPage ERROR: totalOrders is not defined
2026-02-23 02:04:30 [ERROR]: getOrdersPage ERROR: allOrders is not defined
